2021-11-28 05:54:43,053 Data Integrity Error b/w 11/26/2021 and 11/27/2021 at ut for updating confirmed
2021-11-28 05:54:43,058 Data Integrity Error b/w 11/26/2021 and 11/27/2021 at ut for updating deceased
2021-11-28 05:54:43,063 Data Integrity Error b/w 11/26/2021 and 11/27/2021 at ut for updating recovered
2021-11-28 12:44:05,910 Data Integrity Error b/w 11/26/2021 and 11/27/2021 at ut for updating confirmed
2021-11-28 12:44:10,384 Data Integrity Error b/w 11/26/2021 and 11/27/2021 at ut for updating deceased
2021-11-28 12:44:14,346 Data Integrity Error b/w 11/26/2021 and 11/27/2021 at ut for updating recovered
2021-11-30 04:42:48,689 Data Integrity Error b/w 11/28/2021 and 11/29/2021 at an for updating confirmed
2021-11-30 04:42:52,342 Data Integrity Error b/w 11/28/2021 and 11/29/2021 at an for updating deceased
2021-11-30 04:42:55,912 Data Integrity Error b/w 11/28/2021 and 11/29/2021 at an for updating recovered
2021-12-01 04:51:21,525 Data Integrity Error b/w 11/29/2021 and 11/30/2021 at ut for updating confirmed
2021-12-03 04:50:46,185 Data Integrity Error b/w 12/1/2021 and 12/02/2021 at ut for updating confirmed
2021-12-03 04:50:55,530 Data Integrity Error b/w 12/1/2021 and 12/02/2021 at ut for updating recovered
2021-12-06 04:51:28,614 Data Integrity Error b/w 12/4/2021 and 12/05/2021 at an for updating confirmed
2021-12-07 04:52:09,969 Data Integrity Error b/w 12/5/2021 and 12/06/2021 at la for updating confirmed
2021-12-07 04:52:13,990 Data Integrity Error b/w 12/5/2021 and 12/06/2021 at la for updating deceased
2021-12-07 04:52:18,246 Data Integrity Error b/w 12/5/2021 and 12/06/2021 at la for updating recovered
2021-12-08 04:51:16,334 Data Integrity Error b/w 12/6/2021 and 12/07/2021 at an for updating confirmed
2021-12-08 04:51:20,526 Data Integrity Error b/w 12/6/2021 and 12/07/2021 at an for updating deceased
2021-12-08 04:51:23,954 Data Integrity Error b/w 12/6/2021 and 12/07/2021 at an for updating recovered
2021-12-09 04:51:25,706 Data Integrity Error b/w 12/7/2021 and 12/08/2021 at an for updating confirmed
2021-12-09 04:51:30,263 Data Integrity Error b/w 12/7/2021 and 12/08/2021 at an for updating deceased
2021-12-09 04:51:31,791 Data Integrity Error b/w 12/7/2021 and 12/08/2021 at an for updating recovered
2021-12-10 04:50:47,498 Data Integrity Error b/w 12/8/2021 and 12/09/2021 at dn for updating confirmed
2021-12-10 04:50:50,891 Data Integrity Error b/w 12/8/2021 and 12/09/2021 at ct for updating deceased
2021-12-10 04:50:54,651 Data Integrity Error b/w 12/8/2021 and 12/09/2021 at dn for updating recovered
2021-12-11 04:50:19,544 Data Integrity Error b/w 12/9/2021 and 12/10/2021 at dn for updating confirmed
2021-12-11 04:50:22,525 Data Integrity Error b/w 12/9/2021 and 12/10/2021 at dn for updating deceased
2021-12-11 04:50:24,795 Data Integrity Error b/w 12/9/2021 and 12/10/2021 at ct for updating recovered
2021-12-12 04:50:19,404 Data Integrity Error b/w 12/10/2021 and 12/11/2021 at dn for updating confirmed
2021-12-12 04:50:21,508 Data Integrity Error b/w 12/10/2021 and 12/11/2021 at dn for updating deceased
2021-12-12 04:50:25,400 Data Integrity Error b/w 12/10/2021 and 12/11/2021 at dn for updating recovered
2021-12-13 04:51:02,045 Data Integrity Error b/w 12/11/2021 and 12/12/2021 at mn for updating confirmed
2021-12-13 04:51:04,607 Data Integrity Error b/w 12/11/2021 and 12/12/2021 at mn for updating deceased
2021-12-13 04:51:08,092 Data Integrity Error b/w 12/11/2021 and 12/12/2021 at mn for updating recovered
2021-12-14 04:50:40,288 Data Integrity Error b/w 12/12/2021 and 12/13/2021 at dn for updating confirmed
2021-12-14 04:50:44,565 Data Integrity Error b/w 12/12/2021 and 12/13/2021 at dn for updating deceased
2021-12-14 04:50:47,894 Data Integrity Error b/w 12/12/2021 and 12/13/2021 at dn for updating recovered
2021-12-16 04:50:38,350 Data Integrity Error b/w 12/14/2021 and 12/15/2021 at la for updating confirmed
2021-12-16 04:50:42,722 Data Integrity Error b/w 12/14/2021 and 12/15/2021 at la for updating deceased
2021-12-16 04:50:46,056 Data Integrity Error b/w 12/14/2021 and 12/15/2021 at la for updating recovered
2021-12-17 04:50:48,699 Data Integrity Error b/w 12/15/2021 and 12/16/2021 at jh for updating confirmed
2021-12-17 04:50:52,650 Data Integrity Error b/w 12/15/2021 and 12/16/2021 at jh for updating deceased
2021-12-17 04:50:55,812 Data Integrity Error b/w 12/15/2021 and 12/16/2021 at jh for updating recovered
2021-12-18 04:51:01,337 Data Integrity Error b/w 12/16/2021 and 12/17/2021 at dn for updating confirmed
2021-12-18 04:51:05,796 Data Integrity Error b/w 12/16/2021 and 12/17/2021 at dn for updating deceased
2021-12-18 04:51:09,717 Data Integrity Error b/w 12/16/2021 and 12/17/2021 at dn for updating recovered
2021-12-19 04:51:34,274 Data Integrity Error b/w 12/17/2021 and 12/18/2021 at an for updating confirmed
2021-12-19 04:51:37,508 Data Integrity Error b/w 12/17/2021 and 12/18/2021 at an for updating deceased
2021-12-19 04:51:41,273 Data Integrity Error b/w 12/17/2021 and 12/18/2021 at an for updating recovered
2021-12-20 04:52:45,512 Data Integrity Error b/w 12/18/2021 and 12/19/2021 at dn for updating confirmed
2021-12-20 04:52:50,538 Data Integrity Error b/w 12/18/2021 and 12/19/2021 at dn for updating deceased
2021-12-20 04:52:54,143 Data Integrity Error b/w 12/18/2021 and 12/19/2021 at ch for updating recovered
2021-12-21 04:52:25,777 Data Integrity Error b/w 12/19/2021 and 12/20/2021 at an for updating confirmed
2021-12-21 04:52:29,238 Data Integrity Error b/w 12/19/2021 and 12/20/2021 at an for updating deceased
2021-12-21 04:52:33,524 Data Integrity Error b/w 12/19/2021 and 12/20/2021 at an for updating recovered
2021-12-22 04:54:29,792 Data Integrity Error b/w 12/20/2021 and 12/21/2021 at dn for updating confirmed
2021-12-22 04:54:34,683 Data Integrity Error b/w 12/20/2021 and 12/21/2021 at dn for updating deceased
2021-12-22 04:54:38,665 Data Integrity Error b/w 12/20/2021 and 12/21/2021 at dn for updating recovered
2021-12-23 04:52:43,200 Data Integrity Error b/w 12/21/2021 and 12/22/2021 at an for updating confirmed
2021-12-23 04:52:47,261 Data Integrity Error b/w 12/21/2021 and 12/22/2021 at an for updating deceased
2021-12-23 04:52:51,220 Data Integrity Error b/w 12/21/2021 and 12/22/2021 at an for updating recovered
2021-12-24 04:52:13,221 Data Integrity Error b/w 12/22/2021 and 12/23/2021 at dn for updating confirmed
2021-12-24 04:52:17,135 Data Integrity Error b/w 12/22/2021 and 12/23/2021 at dn for updating deceased
2021-12-24 04:52:20,570 Data Integrity Error b/w 12/22/2021 and 12/23/2021 at dn for updating recovered
2021-12-26 04:51:58,381 Data Integrity Error b/w 12/24/2021 and 12/25/2021 at an for updating confirmed
2021-12-26 04:52:02,583 Data Integrity Error b/w 12/24/2021 and 12/25/2021 at an for updating deceased
2021-12-26 04:52:05,821 Data Integrity Error b/w 12/24/2021 and 12/25/2021 at an for updating recovered
2021-12-27 04:52:32,010 Data Integrity Error b/w 12/25/2021 and 12/26/2021 at an for updating confirmed
2021-12-27 04:52:35,457 Data Integrity Error b/w 12/25/2021 and 12/26/2021 at an for updating deceased
2021-12-27 04:52:38,677 Data Integrity Error b/w 12/25/2021 and 12/26/2021 at an for updating recovered
2021-12-29 04:52:19,826 Data Integrity Error b/w 12/27/2021 and 12/28/2021 at ar for updating confirmed
2021-12-29 04:52:27,579 Data Integrity Error b/w 12/27/2021 and 12/28/2021 at ar for updating deceased
2021-12-29 04:52:32,705 Data Integrity Error b/w 12/27/2021 and 12/28/2021 at ar for updating recovered
2022-01-01 04:52:07,640 Data Integrity Error b/w 12/30/2021 and 12/31/2021 at jh for updating confirmed
2022-01-01 04:52:11,630 Data Integrity Error b/w 12/30/2021 and 12/31/2021 at jh for updating deceased
2022-01-01 04:52:15,810 Data Integrity Error b/w 12/30/2021 and 12/31/2021 at jh for updating recovered
2022-01-02 04:51:56,495 Data Integrity Error b/w 12/31/2021 and 01/01/2022 at dn for updating confirmed
2022-01-02 04:52:00,169 Data Integrity Error b/w 12/31/2021 and 01/01/2022 at dn for updating deceased
2022-01-02 04:52:02,714 Data Integrity Error b/w 12/31/2021 and 01/01/2022 at dn for updating recovered
2022-01-03 04:52:29,109 Data Integrity Error b/w 1/1/2022 and 01/02/2022 at dn for updating confirmed
2022-01-03 04:52:32,763 Data Integrity Error b/w 1/1/2022 and 01/02/2022 at dn for updating deceased
2022-01-03 04:52:36,049 Data Integrity Error b/w 1/1/2022 and 01/02/2022 at dn for updating recovered
2022-01-05 04:52:34,717 Data Integrity Error b/w 1/3/2022 and 01/04/2022 at dn for updating confirmed
2022-01-05 04:52:38,041 Data Integrity Error b/w 1/3/2022 and 01/04/2022 at dn for updating deceased
2022-01-05 04:52:41,555 Data Integrity Error b/w 1/3/2022 and 01/04/2022 at dn for updating recovered
2022-01-07 04:52:29,064 Data Integrity Error b/w 1/5/2022 and 01/06/2022 at la for updating confirmed
2022-01-07 04:52:33,510 Data Integrity Error b/w 1/5/2022 and 01/06/2022 at la for updating deceased
2022-01-07 04:52:37,407 Data Integrity Error b/w 1/5/2022 and 01/06/2022 at la for updating recovered
2022-01-08 04:52:48,272 Data Integrity Error b/w 1/6/2022 and 01/07/2022 at la for updating confirmed
2022-01-08 04:52:53,478 Data Integrity Error b/w 1/6/2022 and 01/07/2022 at la for updating deceased
2022-01-08 04:52:56,139 Data Integrity Error b/w 1/6/2022 and 01/07/2022 at la for updating recovered
2022-01-09 04:52:56,971 Data Integrity Error b/w 1/7/2022 and 01/08/2022 at kl for updating confirmed
2022-01-09 04:53:02,010 Data Integrity Error b/w 1/7/2022 and 01/08/2022 at kl for updating deceased
2022-01-09 04:53:05,661 Data Integrity Error b/w 1/7/2022 and 01/08/2022 at kl for updating recovered
2022-01-10 04:53:31,070 Data Integrity Error b/w 1/8/2022 and 01/09/2022 at la for updating confirmed
2022-01-10 04:53:35,217 Data Integrity Error b/w 1/8/2022 and 01/09/2022 at la for updating deceased
2022-01-10 04:53:39,189 Data Integrity Error b/w 1/8/2022 and 01/09/2022 at la for updating recovered
2022-01-11 04:52:05,073 Data Integrity Error b/w 1/9/2022 and 01/10/2022 at tr for updating confirmed
2022-01-11 04:52:07,983 Data Integrity Error b/w 1/9/2022 and 01/10/2022 at tr for updating deceased
2022-01-11 04:52:11,771 Data Integrity Error b/w 1/9/2022 and 01/10/2022 at tr for updating recovered
2022-01-12 04:52:53,933 Data Integrity Error b/w 1/10/2022 and 01/11/2022 at la for updating confirmed
2022-01-12 04:52:57,718 Data Integrity Error b/w 1/10/2022 and 01/11/2022 at la for updating deceased
2022-01-12 04:53:00,392 Data Integrity Error b/w 1/10/2022 and 01/11/2022 at la for updating recovered
2022-01-13 04:53:09,045 Data Integrity Error b/w 1/11/2022 and 01/12/2022 at ld for updating confirmed
2022-01-13 04:53:13,495 Data Integrity Error b/w 1/11/2022 and 01/12/2022 at ld for updating deceased
2022-01-13 04:53:16,704 Data Integrity Error b/w 1/11/2022 and 01/12/2022 at ld for updating recovered
2022-01-14 04:53:20,425 Data Integrity Error b/w 1/12/2022 and 01/13/2022 at la for updating confirmed
2022-01-14 04:53:24,439 Data Integrity Error b/w 1/12/2022 and 01/13/2022 at la for updating deceased
2022-01-14 04:53:28,296 Data Integrity Error b/w 1/12/2022 and 01/13/2022 at la for updating recovered
2022-01-16 04:52:31,630 Data Integrity Error b/w 1/14/2022 and 01/15/2022 at la for updating confirmed
2022-01-16 04:52:35,189 Data Integrity Error b/w 1/14/2022 and 01/15/2022 at la for updating deceased
2022-01-16 04:52:38,474 Data Integrity Error b/w 1/14/2022 and 01/15/2022 at la for updating recovered
2022-01-18 04:53:46,276 Data Integrity Error b/w 1/16/2022 and 01/17/2022 at tr for updating confirmed
2022-01-18 04:53:50,985 Data Integrity Error b/w 1/16/2022 and 01/17/2022 at tr for updating deceased
2022-01-18 04:53:55,209 Data Integrity Error b/w 1/16/2022 and 01/17/2022 at tr for updating recovered
2022-01-19 04:47:36,984 Data Integrity Error b/w 1/17/2022 and 01/18/2022 at la for updating confirmed
2022-01-19 04:47:40,661 Data Integrity Error b/w 1/17/2022 and 01/18/2022 at la for updating deceased
2022-01-19 04:47:44,295 Data Integrity Error b/w 1/17/2022 and 01/18/2022 at la for updating recovered
2022-01-22 04:46:35,542 Data Integrity Error b/w 1/20/2022 and 01/21/2022 at la for updating confirmed
2022-01-22 04:46:39,127 Data Integrity Error b/w 1/20/2022 and 01/21/2022 at la for updating deceased
2022-01-22 04:46:42,637 Data Integrity Error b/w 1/20/2022 and 01/21/2022 at la for updating recovered
2022-01-24 04:47:39,892 Data Integrity Error b/w 1/22/2022 and 01/23/2022 at la for updating confirmed
2022-01-24 04:47:43,500 Data Integrity Error b/w 1/22/2022 and 01/23/2022 at la for updating deceased
2022-01-24 04:47:47,255 Data Integrity Error b/w 1/22/2022 and 01/23/2022 at la for updating recovered
2022-01-25 04:47:47,271 Data Integrity Error b/w 1/23/2022 and 01/24/2022 at an for updating confirmed
2022-01-25 04:47:50,278 Data Integrity Error b/w 1/23/2022 and 01/24/2022 at as for updating deceased
2022-01-25 04:47:53,551 Data Integrity Error b/w 1/23/2022 and 01/24/2022 at an for updating recovered
2022-01-26 04:46:28,927 Data Integrity Error b/w 1/24/2022 and 01/25/2022 at la for updating confirmed
2022-01-26 04:46:32,820 Data Integrity Error b/w 1/24/2022 and 01/25/2022 at la for updating deceased
2022-01-26 04:46:36,275 Data Integrity Error b/w 1/24/2022 and 01/25/2022 at la for updating recovered
2022-01-27 04:47:10,806 Data Integrity Error b/w 1/25/2022 and 01/26/2022 at la for updating confirmed
2022-01-27 04:47:14,324 Data Integrity Error b/w 1/25/2022 and 01/26/2022 at la for updating deceased
2022-01-27 04:47:18,002 Data Integrity Error b/w 1/25/2022 and 01/26/2022 at la for updating recovered
2022-01-28 04:47:02,153 Data Integrity Error b/w 1/26/2022 and 01/27/2022 at la for updating confirmed
2022-01-28 04:47:06,420 Data Integrity Error b/w 1/26/2022 and 01/27/2022 at la for updating deceased
2022-01-28 04:47:10,359 Data Integrity Error b/w 1/26/2022 and 01/27/2022 at la for updating recovered
2022-01-29 04:46:43,608 Data Integrity Error b/w 1/27/2022 and 01/28/2022 at jh for updating confirmed
2022-01-29 04:46:47,192 Data Integrity Error b/w 1/27/2022 and 01/28/2022 at jh for updating deceased
2022-01-29 04:46:51,058 Data Integrity Error b/w 1/27/2022 and 01/28/2022 at jh for updating recovered
2022-01-30 04:46:28,532 Data Integrity Error b/w 1/28/2022 and 01/29/2022 at jh for updating confirmed
2022-01-30 04:46:31,837 Data Integrity Error b/w 1/28/2022 and 01/29/2022 at jh for updating deceased
2022-01-30 04:46:34,872 Data Integrity Error b/w 1/28/2022 and 01/29/2022 at jh for updating recovered
2022-01-31 04:47:19,798 Data Integrity Error b/w 1/29/2022 and 01/30/2022 at la for updating confirmed
2022-01-31 04:47:22,927 Data Integrity Error b/w 1/29/2022 and 01/30/2022 at la for updating deceased
2022-01-31 04:47:25,931 Data Integrity Error b/w 1/29/2022 and 01/30/2022 at la for updating recovered
2022-02-01 04:46:47,701 Data Integrity Error b/w 1/30/2022 and 01/31/2022 at la for updating confirmed
2022-02-01 04:46:51,662 Data Integrity Error b/w 1/30/2022 and 01/31/2022 at la for updating deceased
2022-02-01 04:46:55,808 Data Integrity Error b/w 1/30/2022 and 01/31/2022 at la for updating recovered
2022-02-02 04:46:23,063 Data Integrity Error b/w 1/31/2022 and 02/01/2022 at la for updating confirmed
2022-02-02 04:46:27,463 Data Integrity Error b/w 1/31/2022 and 02/01/2022 at la for updating deceased
2022-02-02 04:46:30,980 Data Integrity Error b/w 1/31/2022 and 02/01/2022 at la for updating recovered
2022-02-03 04:46:52,896 Data Integrity Error b/w 2/1/2022 and 02/02/2022 at ch for updating confirmed
2022-02-03 04:46:56,950 Data Integrity Error b/w 2/1/2022 and 02/02/2022 at ch for updating deceased
2022-02-03 04:46:59,766 Data Integrity Error b/w 2/1/2022 and 02/02/2022 at ch for updating recovered
2022-02-04 04:40:04,041 Data Integrity Error b/w 2/2/2022 and 02/03/2022 at la for updating confirmed
2022-02-04 04:40:07,915 Data Integrity Error b/w 2/2/2022 and 02/03/2022 at la for updating deceased
2022-02-04 04:40:11,947 Data Integrity Error b/w 2/2/2022 and 02/03/2022 at la for updating recovered
2022-02-05 04:39:51,416 Data Integrity Error b/w 2/3/2022 and 02/04/2022 at la for updating confirmed
2022-02-05 04:39:55,292 Data Integrity Error b/w 2/3/2022 and 02/04/2022 at la for updating deceased
2022-02-05 04:39:59,507 Data Integrity Error b/w 2/3/2022 and 02/04/2022 at la for updating recovered
2022-02-06 04:46:18,714 Data Integrity Error b/w 2/4/2022 and 02/05/2022 at jk for updating confirmed
2022-02-06 04:46:22,502 Data Integrity Error b/w 2/4/2022 and 02/05/2022 at jk for updating deceased
2022-02-06 04:46:27,336 Data Integrity Error b/w 2/4/2022 and 02/05/2022 at jk for updating recovered
2022-02-07 04:47:01,955 Data Integrity Error b/w 2/5/2022 and 02/06/2022 at la for updating confirmed
2022-02-07 04:47:06,953 Data Integrity Error b/w 2/5/2022 and 02/06/2022 at la for updating deceased
2022-02-07 04:47:09,325 Data Integrity Error b/w 2/5/2022 and 02/06/2022 at la for updating recovered
2022-02-08 04:46:04,477 Data Integrity Error b/w 2/6/2022 and 02/07/2022 at la for updating confirmed
2022-02-08 04:46:08,434 Data Integrity Error b/w 2/6/2022 and 02/07/2022 at la for updating deceased
2022-02-08 04:46:11,880 Data Integrity Error b/w 2/6/2022 and 02/07/2022 at la for updating recovered
2022-02-10 04:45:44,871 Data Integrity Error b/w 02/08/2022 and 02/09/2022 at la for updating confirmed
2022-02-10 04:45:48,560 Data Integrity Error b/w 02/08/2022 and 02/09/2022 at la for updating deceased
2022-02-10 04:45:51,897 Data Integrity Error b/w 02/08/2022 and 02/09/2022 at la for updating recovered
2022-02-11 04:45:41,973 Data Integrity Error b/w 2/9/2022 and 02/10/2022 at jh for updating confirmed
2022-02-11 04:45:45,081 Data Integrity Error b/w 2/9/2022 and 02/10/2022 at jh for updating deceased
2022-02-11 04:45:48,786 Data Integrity Error b/w 2/9/2022 and 02/10/2022 at jh for updating recovered
2022-02-12 04:45:51,182 Data Integrity Error b/w 2/10/2022 and 02/11/2022 at la for updating confirmed
2022-02-12 04:45:54,233 Data Integrity Error b/w 2/10/2022 and 02/11/2022 at la for updating deceased
2022-02-12 04:45:57,641 Data Integrity Error b/w 2/10/2022 and 02/11/2022 at la for updating recovered
2022-02-13 04:45:33,504 Data Integrity Error b/w 2/11/2022 and 02/12/2022 at kl for updating confirmed
2022-02-13 04:45:36,413 Data Integrity Error b/w 2/11/2022 and 02/12/2022 at kl for updating deceased
2022-02-13 04:45:39,806 Data Integrity Error b/w 2/11/2022 and 02/12/2022 at kl for updating recovered
2022-02-14 04:45:52,396 Data Integrity Error b/w 2/12/2022 and 02/13/2022 at la for updating confirmed
2022-02-14 04:45:55,805 Data Integrity Error b/w 2/12/2022 and 02/13/2022 at la for updating deceased
2022-02-14 04:45:58,736 Data Integrity Error b/w 2/12/2022 and 02/13/2022 at la for updating recovered
2022-02-15 04:46:21,987 Data Integrity Error b/w 2/13/2022 and 02/14/2022 at ch for updating confirmed
2022-02-15 04:46:25,418 Data Integrity Error b/w 2/13/2022 and 02/14/2022 at ch for updating deceased
2022-02-15 04:46:29,456 Data Integrity Error b/w 2/13/2022 and 02/14/2022 at ch for updating recovered
2022-02-16 04:46:49,899 Data Integrity Error b/w 2/14/2022 and 02/15/2022 at la for updating confirmed
2022-02-16 04:46:55,445 Data Integrity Error b/w 2/14/2022 and 02/15/2022 at la for updating deceased
2022-02-16 04:46:59,326 Data Integrity Error b/w 2/14/2022 and 02/15/2022 at la for updating recovered
2022-02-17 04:46:54,395 Data Integrity Error b/w 2/15/2022 and 02/16/2022 at la for updating confirmed
2022-02-17 04:46:57,272 Data Integrity Error b/w 2/15/2022 and 02/16/2022 at la for updating deceased
2022-02-17 04:47:01,248 Data Integrity Error b/w 2/15/2022 and 02/16/2022 at la for updating recovered
2022-02-18 04:46:54,511 Data Integrity Error b/w 2/16/2022 and 02/17/2022 at la for updating confirmed
2022-02-18 04:46:58,931 Data Integrity Error b/w 2/16/2022 and 02/17/2022 at la for updating deceased
2022-02-18 04:47:02,735 Data Integrity Error b/w 2/16/2022 and 02/17/2022 at la for updating recovered
2022-02-19 04:46:25,778 Data Integrity Error b/w 2/17/2022 and 02/18/2022 at ld for updating confirmed
2022-02-19 04:46:29,983 Data Integrity Error b/w 2/17/2022 and 02/18/2022 at ld for updating deceased
2022-02-19 04:46:33,151 Data Integrity Error b/w 2/17/2022 and 02/18/2022 at ld for updating recovered
2022-02-20 04:46:11,525 Data Integrity Error b/w 2/18/2022 and 02/19/2022 at dn for updating confirmed
2022-02-20 04:46:15,201 Data Integrity Error b/w 2/18/2022 and 02/19/2022 at dn for updating deceased
2022-02-20 04:46:18,629 Data Integrity Error b/w 2/18/2022 and 02/19/2022 at dn for updating recovered
2022-02-21 04:47:27,620 Data Integrity Error b/w 2/19/2022 and 02/20/2022 at la for updating confirmed
2022-02-21 04:47:30,733 Data Integrity Error b/w 2/19/2022 and 02/20/2022 at la for updating deceased
2022-02-21 04:47:33,908 Data Integrity Error b/w 2/19/2022 and 02/20/2022 at la for updating recovered
2022-02-22 04:46:46,075 Data Integrity Error b/w 2/20/2022 and 02/21/2022 at la for updating confirmed
2022-02-22 04:46:49,464 Data Integrity Error b/w 2/20/2022 and 02/21/2022 at la for updating deceased
2022-02-22 04:46:55,158 Data Integrity Error b/w 2/20/2022 and 02/21/2022 at la for updating recovered
2022-02-23 04:46:25,284 Data Integrity Error b/w 2/21/2022 and 02/22/2022 at an for updating confirmed
2022-02-23 04:46:29,647 Data Integrity Error b/w 2/21/2022 and 02/22/2022 at an for updating deceased
2022-02-23 04:46:33,650 Data Integrity Error b/w 2/21/2022 and 02/22/2022 at an for updating recovered
2022-02-25 04:46:40,894 Data Integrity Error b/w 02/23/2022 and 02/24/2022 at dn for updating confirmed
2022-02-25 04:46:43,882 Data Integrity Error b/w 02/23/2022 and 02/24/2022 at dn for updating deceased
2022-02-25 04:46:47,508 Data Integrity Error b/w 02/23/2022 and 02/24/2022 at dn for updating recovered
2022-02-26 04:46:33,946 Data Integrity Error b/w 2/24/2022 and 02/25/2022 at dn for updating confirmed
2022-02-26 04:46:37,321 Data Integrity Error b/w 2/24/2022 and 02/25/2022 at dn for updating deceased
2022-02-26 04:46:40,759 Data Integrity Error b/w 2/24/2022 and 02/25/2022 at dn for updating recovered
2022-02-27 04:46:17,121 Data Integrity Error b/w 2/25/2022 and 02/26/2022 at dn for updating confirmed
2022-02-27 04:46:20,518 Data Integrity Error b/w 2/25/2022 and 02/26/2022 at dn for updating deceased
2022-02-27 04:46:23,743 Data Integrity Error b/w 2/25/2022 and 02/26/2022 at dn for updating recovered
2022-02-28 04:47:30,412 Data Integrity Error b/w 2/26/2022 and 02/27/2022 at ch for updating confirmed
2022-02-28 04:47:33,536 Data Integrity Error b/w 2/26/2022 and 02/27/2022 at ch for updating deceased
2022-02-28 04:47:37,705 Data Integrity Error b/w 2/26/2022 and 02/27/2022 at ch for updating recovered
2022-03-01 04:47:27,120 Data Integrity Error b/w 2/27/2022 and 02/28/2022 at dn for updating confirmed
2022-03-01 04:47:30,656 Data Integrity Error b/w 2/27/2022 and 02/28/2022 at dn for updating deceased
2022-03-01 04:47:34,373 Data Integrity Error b/w 2/27/2022 and 02/28/2022 at dn for updating recovered
2022-03-02 04:47:19,598 Data Integrity Error b/w 2/28/2022 and 03/01/2022 at dn for updating confirmed
2022-03-02 04:47:24,942 Data Integrity Error b/w 2/28/2022 and 03/01/2022 at dn for updating deceased
2022-03-02 04:47:28,758 Data Integrity Error b/w 2/28/2022 and 03/01/2022 at dn for updating recovered
2022-03-03 04:47:05,669 Data Integrity Error b/w 3/1/2022 and 03/02/2022 at dn for updating confirmed
2022-03-03 04:47:08,974 Data Integrity Error b/w 3/1/2022 and 03/02/2022 at dn for updating deceased
2022-03-03 04:47:12,028 Data Integrity Error b/w 3/1/2022 and 03/02/2022 at dn for updating recovered
2022-03-04 04:47:16,667 Data Integrity Error b/w 3/2/2022 and 03/03/2022 at la for updating confirmed
2022-03-04 04:47:20,250 Data Integrity Error b/w 3/2/2022 and 03/03/2022 at la for updating deceased
2022-03-04 04:47:25,187 Data Integrity Error b/w 3/2/2022 and 03/03/2022 at la for updating recovered
2022-03-05 04:46:54,493 Data Integrity Error b/w 3/3/2022 and 03/04/2022 at la for updating confirmed
2022-03-05 04:46:58,389 Data Integrity Error b/w 3/3/2022 and 03/04/2022 at la for updating deceased
2022-03-05 04:47:01,931 Data Integrity Error b/w 3/3/2022 and 03/04/2022 at la for updating recovered
2022-03-06 04:46:36,667 Data Integrity Error b/w 3/4/2022 and 03/05/2022 at an for updating confirmed
2022-03-06 04:46:41,836 Data Integrity Error b/w 3/4/2022 and 03/05/2022 at an for updating deceased
2022-03-06 04:46:45,661 Data Integrity Error b/w 3/4/2022 and 03/05/2022 at an for updating recovered
2022-03-07 04:47:22,060 Data Integrity Error b/w 3/5/2022 and 03/06/2022 at dn for updating confirmed
2022-03-07 04:47:27,070 Data Integrity Error b/w 3/5/2022 and 03/06/2022 at dn for updating deceased
2022-03-07 04:47:29,599 Data Integrity Error b/w 3/5/2022 and 03/06/2022 at dn for updating recovered
2022-03-08 04:47:38,500 Data Integrity Error b/w 3/6/2022 and 03/07/2022 at la for updating confirmed
2022-03-08 04:47:42,165 Data Integrity Error b/w 3/6/2022 and 03/07/2022 at la for updating deceased
2022-03-08 04:47:45,908 Data Integrity Error b/w 3/6/2022 and 03/07/2022 at la for updating recovered
2022-03-09 04:47:24,482 Data Integrity Error b/w 3/7/2022 and 03/08/2022 at dn for updating confirmed
2022-03-09 04:47:28,348 Data Integrity Error b/w 3/7/2022 and 03/08/2022 at dn for updating deceased
2022-03-09 04:47:32,049 Data Integrity Error b/w 3/7/2022 and 03/08/2022 at dn for updating recovered
2022-03-10 04:47:39,543 Data Integrity Error b/w 3/8/2022 and 03/09/2022 at dn for updating confirmed
2022-03-10 04:47:44,514 Data Integrity Error b/w 3/8/2022 and 03/09/2022 at dn for updating deceased
2022-03-10 04:47:47,829 Data Integrity Error b/w 3/8/2022 and 03/09/2022 at dn for updating recovered
2022-03-11 04:48:27,976 Data Integrity Error b/w 3/9/2022 and 03/10/2022 at ch for updating confirmed
2022-03-11 04:48:31,673 Data Integrity Error b/w 3/9/2022 and 03/10/2022 at ch for updating deceased
2022-03-11 04:48:34,692 Data Integrity Error b/w 3/9/2022 and 03/10/2022 at ch for updating recovered
2022-03-12 04:48:11,572 Data Integrity Error b/w 3/10/2022 and 03/11/2022 at dn for updating confirmed
2022-03-12 04:48:16,131 Data Integrity Error b/w 3/10/2022 and 03/11/2022 at dn for updating deceased
2022-03-12 04:48:20,148 Data Integrity Error b/w 3/10/2022 and 03/11/2022 at dn for updating recovered
2022-03-13 04:50:00,250 Data Integrity Error b/w 3/11/2022 and 03/12/2022 at dn for updating confirmed
2022-03-13 04:50:04,108 Data Integrity Error b/w 3/11/2022 and 03/12/2022 at dn for updating deceased
2022-03-13 04:50:07,643 Data Integrity Error b/w 3/11/2022 and 03/12/2022 at dn for updating recovered
2022-03-14 05:05:22,959 Data Integrity Error b/w 3/12/2022 and 03/13/2022 at dn for updating confirmed
2022-03-14 05:05:26,851 Data Integrity Error b/w 3/12/2022 and 03/13/2022 at dn for updating deceased
2022-03-14 05:05:30,436 Data Integrity Error b/w 3/12/2022 and 03/13/2022 at dn for updating recovered
2022-03-15 04:48:17,739 Data Integrity Error b/w 3/13/2022 and 03/14/2022 at ch for updating confirmed
2022-03-15 04:48:21,049 Data Integrity Error b/w 3/13/2022 and 03/14/2022 at ch for updating deceased
2022-03-15 04:48:24,549 Data Integrity Error b/w 3/13/2022 and 03/14/2022 at ch for updating recovered
2022-03-16 04:47:28,278 Data Integrity Error b/w 3/14/2022 and 03/15/2022 at ch for updating confirmed
2022-03-16 04:47:31,887 Data Integrity Error b/w 3/14/2022 and 03/15/2022 at ch for updating deceased
2022-03-16 04:47:36,230 Data Integrity Error b/w 3/14/2022 and 03/15/2022 at ch for updating recovered
2022-03-17 04:47:47,815 Data Integrity Error b/w 3/15/2022 and 03/16/2022 at an for updating confirmed
2022-03-17 04:47:51,510 Data Integrity Error b/w 3/15/2022 and 03/16/2022 at an for updating deceased
2022-03-17 04:47:54,894 Data Integrity Error b/w 3/15/2022 and 03/16/2022 at an for updating recovered
2022-03-18 04:47:50,256 Data Integrity Error b/w 3/16/2022 and 03/17/2022 at ch for updating confirmed
2022-03-18 04:47:53,856 Data Integrity Error b/w 3/16/2022 and 03/17/2022 at ch for updating deceased
2022-03-18 04:47:56,822 Data Integrity Error b/w 3/16/2022 and 03/17/2022 at ch for updating recovered
2022-03-19 04:47:00,737 Data Integrity Error b/w 3/17/2022 and 03/18/2022 at ch for updating confirmed
2022-03-19 04:47:04,199 Data Integrity Error b/w 3/17/2022 and 03/18/2022 at ch for updating deceased
2022-03-19 04:47:07,490 Data Integrity Error b/w 3/17/2022 and 03/18/2022 at ch for updating recovered
2022-03-21 04:47:55,825 Data Integrity Error b/w 3/19/2022 and 03/20/2022 at dn for updating confirmed
2022-03-21 04:47:59,989 Data Integrity Error b/w 3/19/2022 and 03/20/2022 at dn for updating deceased
2022-03-21 04:48:03,742 Data Integrity Error b/w 3/19/2022 and 03/20/2022 at dn for updating recovered
2022-03-22 04:48:08,738 Data Integrity Error b/w 3/20/2022 and 03/21/2022 at dn for updating confirmed
2022-03-22 04:48:13,102 Data Integrity Error b/w 3/20/2022 and 03/21/2022 at dn for updating deceased
2022-03-22 04:48:16,467 Data Integrity Error b/w 3/20/2022 and 03/21/2022 at dn for updating recovered
2022-03-23 04:47:49,509 Data Integrity Error b/w 3/21/2022 and 03/22/2022 at ch for updating confirmed
2022-03-23 04:47:53,822 Data Integrity Error b/w 3/21/2022 and 03/22/2022 at ch for updating deceased
2022-03-23 04:47:57,250 Data Integrity Error b/w 3/21/2022 and 03/22/2022 at ch for updating recovered
2022-03-24 04:48:31,351 Data Integrity Error b/w 3/22/2022 and 03/23/2022 at br for updating confirmed
2022-03-24 04:48:35,248 Data Integrity Error b/w 3/22/2022 and 03/23/2022 at br for updating deceased
2022-03-24 04:48:38,662 Data Integrity Error b/w 3/22/2022 and 03/23/2022 at br for updating recovered
2022-03-25 04:49:14,323 Data Integrity Error b/w 3/23/2022 and 03/24/2022 at dn for updating confirmed
2022-03-25 04:49:18,025 Data Integrity Error b/w 3/23/2022 and 03/24/2022 at dn for updating deceased
2022-03-25 04:49:22,182 Data Integrity Error b/w 3/23/2022 and 03/24/2022 at dn for updating recovered
2022-03-26 04:47:28,561 Data Integrity Error b/w 3/24/2022 and 03/25/2022 at ch for updating confirmed
2022-03-26 04:47:31,047 Data Integrity Error b/w 3/24/2022 and 03/25/2022 at ch for updating deceased
2022-03-26 04:47:34,497 Data Integrity Error b/w 3/24/2022 and 03/25/2022 at ch for updating recovered
2022-03-27 04:47:35,925 Data Integrity Error b/w 3/25/2022 and 03/26/2022 at an for updating confirmed
2022-03-27 04:47:39,427 Data Integrity Error b/w 3/25/2022 and 03/26/2022 at an for updating deceased
2022-03-27 04:47:42,781 Data Integrity Error b/w 3/25/2022 and 03/26/2022 at an for updating recovered
2022-03-29 04:48:27,871 Data Integrity Error b/w 3/27/2022 and 03/28/2022 at dn for updating confirmed
2022-03-29 04:48:31,636 Data Integrity Error b/w 3/27/2022 and 03/28/2022 at dn for updating deceased
2022-03-29 04:48:35,046 Data Integrity Error b/w 3/27/2022 and 03/28/2022 at dn for updating recovered
2022-03-30 04:48:16,482 Data Integrity Error b/w 3/28/2022 and 03/29/2022 at ch for updating confirmed
2022-03-30 04:48:20,021 Data Integrity Error b/w 3/28/2022 and 03/29/2022 at ch for updating deceased
2022-03-30 04:48:23,555 Data Integrity Error b/w 3/28/2022 and 03/29/2022 at ch for updating recovered
2022-04-04 04:48:18,411 Data Integrity Error b/w 4/2/2022 and 04/03/2022 at an for updating confirmed
2022-04-04 04:48:21,275 Data Integrity Error b/w 4/2/2022 and 04/03/2022 at an for updating deceased
2022-04-04 04:48:24,212 Data Integrity Error b/w 4/2/2022 and 04/03/2022 at an for updating recovered
2022-04-05 04:47:12,024 Data Integrity Error b/w 4/3/2022 and 04/04/2022 at ch for updating confirmed
2022-04-05 04:47:15,734 Data Integrity Error b/w 4/3/2022 and 04/04/2022 at ch for updating deceased
2022-04-05 04:47:19,761 Data Integrity Error b/w 4/3/2022 and 04/04/2022 at ch for updating recovered
2022-04-06 04:48:25,186 Data Integrity Error b/w 4/4/2022 and 04/05/2022 at an for updating confirmed
2022-04-06 04:48:28,723 Data Integrity Error b/w 4/4/2022 and 04/05/2022 at an for updating deceased
2022-04-06 04:48:33,148 Data Integrity Error b/w 4/4/2022 and 04/05/2022 at an for updating recovered
2022-04-07 04:48:40,808 Data Integrity Error b/w 4/5/2022 and 04/06/2022 at ch for updating confirmed
2022-04-07 04:48:44,647 Data Integrity Error b/w 4/5/2022 and 04/06/2022 at ch for updating deceased
2022-04-07 04:48:48,285 Data Integrity Error b/w 4/5/2022 and 04/06/2022 at ch for updating recovered
2022-04-08 04:48:29,455 Data Integrity Error b/w 4/6/2022 and 04/07/2022 at an for updating confirmed
2022-04-08 04:48:32,956 Data Integrity Error b/w 4/6/2022 and 04/07/2022 at an for updating deceased
2022-04-08 04:48:39,212 Data Integrity Error b/w 4/6/2022 and 04/07/2022 at an for updating recovered
2022-04-09 04:48:34,230 Data Integrity Error b/w 4/7/2022 and 04/08/2022 at as for updating confirmed
2022-04-09 04:48:37,737 Data Integrity Error b/w 4/7/2022 and 04/08/2022 at as for updating deceased
2022-04-09 04:48:41,077 Data Integrity Error b/w 4/7/2022 and 04/08/2022 at as for updating recovered
2022-04-10 04:48:03,132 Data Integrity Error b/w 4/8/2022 and 04/09/2022 at an for updating confirmed
2022-04-10 04:48:06,856 Data Integrity Error b/w 4/8/2022 and 04/09/2022 at an for updating deceased
2022-04-10 04:48:10,748 Data Integrity Error b/w 4/8/2022 and 04/09/2022 at an for updating recovered
2022-04-11 04:49:35,125 Data Integrity Error b/w 4/9/2022 and 04/10/2022 at an for updating confirmed
2022-04-11 04:49:38,819 Data Integrity Error b/w 4/9/2022 and 04/10/2022 at an for updating deceased
2022-04-11 04:49:42,677 Data Integrity Error b/w 4/9/2022 and 04/10/2022 at an for updating recovered
2022-04-12 04:48:43,609 Data Integrity Error b/w 4/10/2022 and 04/11/2022 at an for updating confirmed
2022-04-12 04:48:46,128 Data Integrity Error b/w 4/10/2022 and 04/11/2022 at an for updating deceased
2022-04-12 04:48:48,940 Data Integrity Error b/w 4/10/2022 and 04/11/2022 at an for updating recovered
2022-04-13 04:50:16,932 Data Integrity Error b/w 4/11/2022 and 04/12/2022 at an for updating confirmed
2022-04-13 04:50:22,671 Data Integrity Error b/w 4/11/2022 and 04/12/2022 at an for updating deceased
2022-04-13 04:50:25,558 Data Integrity Error b/w 4/11/2022 and 04/12/2022 at an for updating recovered
2022-04-14 04:47:54,538 Data Integrity Error b/w 4/12/2022 and 04/13/2022 at an for updating confirmed
2022-04-14 04:47:59,554 Data Integrity Error b/w 4/12/2022 and 04/13/2022 at an for updating deceased
2022-04-14 04:48:03,419 Data Integrity Error b/w 4/12/2022 and 04/13/2022 at an for updating recovered
2022-04-15 05:01:31,579 Data Integrity Error b/w 4/13/2022 and 04/14/2022 at la for updating confirmed
2022-04-15 05:01:35,339 Data Integrity Error b/w 4/13/2022 and 04/14/2022 at la for updating deceased
2022-04-15 05:01:39,043 Data Integrity Error b/w 4/13/2022 and 04/14/2022 at la for updating recovered
2022-04-16 04:48:51,502 Data Integrity Error b/w 4/14/2022 and 04/15/2022 at ld for updating confirmed
2022-04-16 04:48:55,623 Data Integrity Error b/w 4/14/2022 and 04/15/2022 at ld for updating deceased
2022-04-16 04:49:00,911 Data Integrity Error b/w 4/14/2022 and 04/15/2022 at ld for updating recovered
2022-04-17 04:48:36,671 Data Integrity Error b/w 4/15/2022 and 04/16/2022 at an for updating confirmed
2022-04-17 04:48:39,914 Data Integrity Error b/w 4/15/2022 and 04/16/2022 at an for updating deceased
2022-04-17 04:48:43,295 Data Integrity Error b/w 4/15/2022 and 04/16/2022 at an for updating recovered
