2021-11-28 12:55:35,307 Values mismatched while checking for state ch,up at 11/25/2021 while updating confirmed
2021-11-28 12:55:35,308 Values mismatched while checking for state an,ap,as,ch,jh,tr,up,ut at 11/26/2021 while updating confirmed
2021-11-28 12:55:38,290 Values mismatched while checking for state ap,ut at 11/26/2021 while updating deceased
2021-11-28 12:55:41,136 Values mismatched while checking for state ch,up at 11/25/2021 while updating recovered
2021-11-28 12:55:41,137 Values mismatched while checking for state an,ap,as,ch,jh,tr,up,ut at 11/26/2021 while updating recovered
2021-11-29 13:41:13,906 Values mismatched while checking for state an at 11/28/2021 while updating confirmed
2021-11-30 13:36:56,257 Values mismatched while checking for state tg at 11/27/2021 while updating confirmed
2021-11-30 13:36:56,258 Values mismatched while checking for state kl,tg at 11/28/2021 while updating confirmed
2021-11-30 13:36:59,252 Values mismatched while checking for state tg at 11/27/2021 while updating deceased
2021-11-30 13:36:59,254 Values mismatched while checking for state kl,tg at 11/28/2021 while updating deceased
2021-11-30 13:37:01,593 Values mismatched while checking for state tg at 11/27/2021 while updating recovered
2021-11-30 13:37:01,594 Values mismatched while checking for state kl,tg at 11/28/2021 while updating recovered
2021-12-01 13:41:48,353 Values mismatched while checking for state mn,ut at 11/21/2021 while updating confirmed
2021-12-01 13:41:48,354 Values mismatched while checking for state mn,ut at 11/22/2021 while updating confirmed
2021-12-01 13:41:48,355 Values mismatched while checking for state mn,ut at 11/23/2021 while updating confirmed
2021-12-01 13:41:48,356 Values mismatched while checking for state mn,ut at 11/24/2021 while updating confirmed
2021-12-01 13:41:48,357 Values mismatched while checking for state mn,ut at 11/25/2021 while updating confirmed
2021-12-01 13:41:48,358 Values mismatched while checking for state mn,ut at 11/26/2021 while updating confirmed
2021-12-01 13:41:48,359 Values mismatched while checking for state mn,ut at 11/27/2021 while updating confirmed
2021-12-01 13:41:48,360 Values mismatched while checking for state mn,ut at 11/28/2021 while updating confirmed
2021-12-01 13:41:48,361 Values mismatched while checking for state an,ap,as,ch,dn,jh,jk,ld,mn,pb,tr,ut at 11/29/2021 while updating confirmed
2021-12-01 13:41:52,166 Values mismatched while checking for state an,ap,as,ch,dn,jh,jk,ld,pb,tr at 11/29/2021 while updating deceased
2021-12-01 13:41:54,655 Values mismatched while checking for state ml,mp,ut at 11/21/2021 while updating recovered
2021-12-01 13:41:54,656 Values mismatched while checking for state ml,mp,ut at 11/22/2021 while updating recovered
2021-12-01 13:41:54,657 Values mismatched while checking for state ml,mp,ut at 11/23/2021 while updating recovered
2021-12-01 13:41:54,658 Values mismatched while checking for state ml,mp,ut at 11/24/2021 while updating recovered
2021-12-01 13:41:54,659 Values mismatched while checking for state ml,mp,ut at 11/25/2021 while updating recovered
2021-12-01 13:41:54,660 Values mismatched while checking for state ml,mp,ut at 11/26/2021 while updating recovered
2021-12-01 13:41:54,661 Values mismatched while checking for state ml,mp,ut at 11/27/2021 while updating recovered
2021-12-01 13:41:54,662 Values mismatched while checking for state ml,mp,ut at 11/28/2021 while updating recovered
2021-12-01 13:41:54,663 Values mismatched while checking for state an,ap,as,ch,dn,jh,jk,ld,ml,mp,pb,tr,ut at 11/29/2021 while updating recovered
